<?xml version="1.0" encoding="UTF-8"?>
<!-- Generated by org.testng.reporters.JUnitXMLReporter -->
<testsuite hostname="LAPTOP-J3UQ42B7" ignored="0" name="Default test" tests="6" failures="0" timestamp="29 Nov 2022 07:13:16 GMT" time="78.581" errors="0">
  <testcase name="HomePageLink" time="9.676" classname="Sites.Bharathlab"/>
  <testcase name="HomePaglogolink" time="1.702" classname="Sites.Bharathlab"/>
  <testcase name="HomePageHeaderLink" time="7.03" classname="Sites.Bharathlab"/>
  <testcase name="QuickLinks" time="2.278" classname="Sites.Bharathlab"/>
  <testcase name="ServicesLinks" time="29.897" classname="Sites.Bharathlab"/>
  <testcase name="GetInTouch" time="27.941" classname="Sites.Bharathlab"/>
</testsuite> <!-- Default test -->
