<?xml version="1.0" encoding="UTF-8"?>
<!-- Generated by org.testng.reporters.JUnitXMLReporter -->
<testsuite hostname="LAPTOP-J3UQ42B7" ignored="0" name="Test1" tests="8" failures="0" timestamp="29 Nov 2022 07:14:52 GMT" time="44.633" errors="0">
  <testcase name="HomePageUrl" time="22.343" classname="Sites.Ideablitztech"/>
  <testcase name="HomePageLogoLink" time="2.117" classname="Sites.Ideablitztech"/>
  <testcase name="HomePageSideLinks" time="1.202" classname="Sites.Ideablitztech"/>
  <testcase name="Whatsapplink" time="3.301" classname="Sites.Ideablitztech"/>
  <testcase name="Formchecking" time="2.702" classname="Sites.Ideablitztech"/>
  <testcase name="Facebook" time="2.304" classname="Sites.Ideablitztech"/>
  <testcase name="Instagram" time="7.83" classname="Sites.Ideablitztech"/>
  <testcase name="LinkedIn" time="2.772" classname="Sites.Ideablitztech"/>
</testsuite> <!-- Test1 -->
