<?xml version="1.0" encoding="UTF-8"?>
<!-- Generated by org.testng.reporters.JUnitXMLReporter -->
<testsuite hostname="LAPTOP-J3UQ42B7" ignored="0" name="Test 2" tests="6" failures="0" timestamp="29 Nov 2022 07:15:39 GMT" time="47.159" errors="0">
  <testcase name="HomePageLink" time="12.797" classname="Sites.Bharathlab"/>
  <testcase name="HomePaglogolink" time="2.36" classname="Sites.Bharathlab"/>
  <testcase name="HomePageHeaderLink" time="6.963" classname="Sites.Bharathlab"/>
  <testcase name="QuickLinks" time="2.987" classname="Sites.Bharathlab"/>
  <testcase name="ServicesLinks" time="18.914" classname="Sites.Bharathlab"/>
  <testcase name="GetInTouch" time="3.087" classname="Sites.Bharathlab"/>
</testsuite> <!-- Test 2 -->
